main
1 2 10
1 3 10
1 799975 10
2 1 10
2 3 10
3 1 10
3 2 10
3 799975 10
4 5 10
5 4 10
5 6 10
5 7 10
5 8 10
5 9 10
5 10 10
5 11 10
5 12 10
5 13 10
5 14 10
5 17 10
5 20 10
5 21 10
5 39 10
5 165548 10
5 165558 10
5 283861 10
5 368352 10
5 433609 10
5 572128 10
5 595749 10
5 595781 10
5 680785 10
5 708646 10
5 749291 10
5 774579 10
5 787018 10
5 798415 10
5 803534 10
6 5 10
6 39 10
7 5 10
7 8 10
7 9 10
7 10 10
8 5 10
8 7 10
8 9 10
8 10 10
9 5 10
9 7 10
9 8 10
9 10 10
9 11 10
9 13 10
9 15 10
9 16 10
9 39 10
9 13986 10
9 99249 10
9 436885 10
9 453459 10
9 470457 10
9 488718 10
9 559703 10
9 559704 10
9 559721 10
9 742475 10
9 780216 10
10 5 10
10 7 10
10 8 10
10 9 10
10 39 10
11 5 10
11 9 10
11 13 10
11 39 10
12 5 10
12 39 10
13 5 10
13 9 10
13 11 10
13 14 10
13 39 10
13 65 10
13 66 10
13 67 10
13 71 10
13 265337 10
13 265384 10
13 404330 10
14 5 10
14 13 10
14 39 10
14 572128 10
14 749291 10
14 787018 10
14 803534 10
15 9 10
15 16 10
values: 10 10 10 10 10 10 10 10 10 10 10 10 10 10 10 10 10 10 10 10 10 10 10 10 10 10 10 10 10 10 10 10 10 10 10 10 10 10 10 10 10 10 10 10 10 10 10 10 10 10 10 10 10 10 10 10 10 10 10 10 10 10 10 10 10 10 10 10 10 10 10 10 10 10 10 10 10 10 10 10 10 10 10 10 10 10 10 10 10 10 10 10 10 10 10 10 10 10 10 10 
col_ind: 2 3 799975 1 3 1 2 799975 5 4 6 7 8 9 10 11 12 13 14 17 20 21 39 165548 165558 283861 368352 433609 572128 595749 595781 680785 708646 749291 774579 787018 798415 803534 5 39 5 8 9 10 5 7 9 10 5 7 8 10 11 13 15 16 39 13986 99249 436885 453459 470457 488718 559703 559704 559721 742475 780216 5 7 8 9 39 5 9 13 39 5 39 5 9 11 14 39 65 66 67 71 265337 265384 404330 5 13 39 572128 749291 787018 803534 9 16 
row_ptr: 0 3 5 8 9 38 40 44 48 68 73 77 79 91 98 
row_id: 1 2 3 4 5 6 7 8 9 10 11 12 13 14 15 
# elapsed time (TIME_POW): 0.000125484s
